2012-06-30 17:28:22,023 - simpleExample - INFO - log info
2012-06-30 17:28:22,024 - simpleExample - ERROR - log error
2012-09-04 21:58:53,039 - simpleExample - INFO - log info
2012-09-04 21:58:53,040 - simpleExample - ERROR - log error
[1;32m2013-01-19 10:58:27,813 - simpleExample - INFO - log info[1;0m
[1;31m2013-01-19 10:58:27,813 - simpleExample - ERROR - log error[1;0m
[1;32m2013-01-19 11:02:55,951 - simpleExample - INFO - log info[1;0m
[1;31m2013-01-19 11:02:55,951 - simpleExample - ERROR - log error[1;0m
[1;32m2013-01-19 14:04:02,425 - simpleExample - INFO - log info[1;0m
[1;31m2013-01-19 14:04:02,425 - simpleExample - ERROR - log error[1;0m
[1;32m2013-01-19 14:05:35,806 - simpleExample - INFO - log info[1;0m
[1;33m2013-01-19 14:05:35,806 - simpleExample - WARNING - log warning[1;0m
[1;31m2013-01-19 14:05:35,806 - simpleExample - ERROR - log error[1;0m
[1;31m2013-01-19 14:05:35,806 - simpleExample - CRITICAL - log critical[1;0m
[1;32m2013-01-19 14:07:57,345 - simpleExample - INFO - log info[1;0m
[1;33m2013-01-19 14:07:57,345 - simpleExample - WARNING - log warning[1;0m
[1;31m2013-01-19 14:07:57,345 - simpleExample - ERROR - log error[1;0m
[1;31m2013-01-19 14:07:57,345 - simpleExample - CRITICAL - log critical[1;0m
[1;32m2013-01-19 14:08:36,667 - simpleExample - INFO - log info[1;0m
[1;33m2013-01-19 14:08:36,667 - simpleExample - WARNING - log warning[1;0m
[1;31m2013-01-19 14:08:36,667 - simpleExample - ERROR - log error[1;0m
[1;31m2013-01-19 14:08:36,668 - simpleExample - CRITICAL - log critical[1;0m
[1;32m2013-01-19 14:08:53,169 - simpleExample - INFO - log info[1;0m
[1;33m2013-01-19 14:08:53,169 - simpleExample - WARNING - log warning[1;0m
[1;31m2013-01-19 14:08:53,169 - simpleExample - ERROR - log error[1;0m
[1;31m2013-01-19 14:08:53,169 - simpleExample - CRITICAL - log critical[1;0m
[1;32m2013-01-19 14:09:08,385 - simpleExample - INFO - log info[1;0m
[1;33m2013-01-19 14:09:08,385 - simpleExample - WARNING - log warning[1;0m
[1;31m2013-01-19 14:09:08,385 - simpleExample - ERROR - log error[1;0m
[1;31m2013-01-19 14:09:08,385 - simpleExample - CRITICAL - log critical[1;0m
